0 info it worked if it ends with ok
1 verbose cli [ 'node', '/usr/local/bin/npm', 'install' ]
2 info using npm@1.4.28
3 info using node@v0.10.33
4 warn package.json angular-resource-example@ No description
5 warn package.json angular-resource-example@ No repository field.
6 warn package.json angular-resource-example@ No README data
7 verbose readDependencies using package.json deps
8 verbose install where, deps [ '/Users/kdsingharneja/code/angular-resource-example',
8 verbose install   [ 'lodash',
8 verbose install     'faculty-api',
8 verbose install     'bcryptjs',
8 verbose install     'load-grunt-tasks',
8 verbose install     'express',
8 verbose install     'mongoose',
8 verbose install     'grunt',
8 verbose install     'grunt-contrib-watch',
8 verbose install     'grunt-shell',
8 verbose install     'jasmine-node',
8 verbose install     'grunt-karma',
8 verbose install     'karma-script-launcher',
8 verbose install     'karma-chrome-launcher',
8 verbose install     'karma-firefox-launcher',
8 verbose install     'karma-html2js-preprocessor',
8 verbose install     'karma-jasmine',
8 verbose install     'karma-requirejs',
8 verbose install     'karma-coffee-preprocessor',
8 verbose install     'karma-coverage',
8 verbose install     'karma-osx-reporter',
8 verbose install     'karma-phantomjs-launcher',
8 verbose install     'karma',
8 verbose install     'karma-ng-html2js-preprocessor' ] ]
9 info preinstall angular-resource-example@
10 warn package.json karma-chrome-launcher@0.1.7 No README data
11 warn package.json karma-firefox-launcher@0.1.4 No README data
12 warn package.json karma-phantomjs-launcher@0.1.4 No README data
13 verbose readDependencies using package.json deps
14 verbose already installed skipping mongoose@~3.8.1 /Users/kdsingharneja/code/angular-resource-example
15 verbose already installed skipping grunt@~0.4.2 /Users/kdsingharneja/code/angular-resource-example
16 verbose already installed skipping grunt-contrib-watch@~0.5.3 /Users/kdsingharneja/code/angular-resource-example
17 verbose cache add [ 'grunt-shell@latest', null ]
18 verbose cache add name=undefined spec="grunt-shell@latest" args=["grunt-shell@latest",null]
19 verbose parsed url { protocol: null,
19 verbose parsed url   slashes: null,
19 verbose parsed url   auth: null,
19 verbose parsed url   host: null,
19 verbose parsed url   port: null,
19 verbose parsed url   hostname: null,
19 verbose parsed url   hash: null,
19 verbose parsed url   search: null,
19 verbose parsed url   query: null,
19 verbose parsed url   pathname: 'grunt-shell@latest',
19 verbose parsed url   path: 'grunt-shell@latest',
19 verbose parsed url   href: 'grunt-shell@latest' }
20 verbose cache add [ 'jasmine-node@latest', null ]
21 verbose cache add name=undefined spec="jasmine-node@latest" args=["jasmine-node@latest",null]
22 verbose parsed url { protocol: null,
22 verbose parsed url   slashes: null,
22 verbose parsed url   auth: null,
22 verbose parsed url   host: null,
22 verbose parsed url   port: null,
22 verbose parsed url   hostname: null,
22 verbose parsed url   hash: null,
22 verbose parsed url   search: null,
22 verbose parsed url   query: null,
22 verbose parsed url   pathname: 'jasmine-node@latest',
22 verbose parsed url   path: 'jasmine-node@latest',
22 verbose parsed url   href: 'jasmine-node@latest' }
23 verbose cache add name="grunt-shell" spec="latest" args=["grunt-shell","latest"]
24 verbose parsed url { protocol: null,
24 verbose parsed url   slashes: null,
24 verbose parsed url   auth: null,
24 verbose parsed url   host: null,
24 verbose parsed url   port: null,
24 verbose parsed url   hostname: null,
24 verbose parsed url   hash: null,
24 verbose parsed url   search: null,
24 verbose parsed url   query: null,
24 verbose parsed url   pathname: 'latest',
24 verbose parsed url   path: 'latest',
24 verbose parsed url   href: 'latest' }
25 verbose addNamed [ 'grunt-shell', 'latest' ]
26 verbose addNamed [ null, null ]
27 verbose already installed skipping grunt-karma@~0.6.2 /Users/kdsingharneja/code/angular-resource-example
28 verbose cache add name="jasmine-node" spec="latest" args=["jasmine-node","latest"]
29 verbose parsed url { protocol: null,
29 verbose parsed url   slashes: null,
29 verbose parsed url   auth: null,
29 verbose parsed url   host: null,
29 verbose parsed url   port: null,
29 verbose parsed url   hostname: null,
29 verbose parsed url   hash: null,
29 verbose parsed url   search: null,
29 verbose parsed url   query: null,
29 verbose parsed url   pathname: 'latest',
29 verbose parsed url   path: 'latest',
29 verbose parsed url   href: 'latest' }
30 verbose addNamed [ 'jasmine-node', 'latest' ]
31 verbose addNamed [ null, null ]
32 silly lockFile 8ed5d71a-grunt-shell-latest grunt-shell@latest
33 verbose lock grunt-shell@latest /Users/kdsingharneja/.npm/8ed5d71a-grunt-shell-latest.lock
34 silly lockFile 60e24296-jasmine-node-latest jasmine-node@latest
35 verbose lock jasmine-node@latest /Users/kdsingharneja/.npm/60e24296-jasmine-node-latest.lock
36 verbose already installed skipping karma-script-launcher@~0.1.0 /Users/kdsingharneja/code/angular-resource-example
37 info addNameTag [ 'grunt-shell', 'latest' ]
38 verbose already installed skipping karma-chrome-launcher@~0.1.0 /Users/kdsingharneja/code/angular-resource-example
39 info addNameTag [ 'jasmine-node', 'latest' ]
40 verbose already installed skipping karma-firefox-launcher@~0.1.0 /Users/kdsingharneja/code/angular-resource-example
41 verbose request where is /grunt-shell
42 verbose request registry https://registry.npmjs.org/
43 verbose request id 89abd8d1a8c698d2
44 verbose url raw /grunt-shell
45 verbose url resolving [ 'https://registry.npmjs.org/', './grunt-shell' ]
46 verbose url resolved https://registry.npmjs.org/grunt-shell
47 verbose request where is https://registry.npmjs.org/grunt-shell
48 info trying registry request attempt 1 at 22:53:59
49 verbose etag "32F6SRJYDSUHDZ1QDRNPBLR9K"
50 http GET https://registry.npmjs.org/grunt-shell
51 verbose already installed skipping karma-html2js-preprocessor@~0.1.0 /Users/kdsingharneja/code/angular-resource-example
52 verbose already installed skipping karma-jasmine@~0.1.3 /Users/kdsingharneja/code/angular-resource-example
53 verbose already installed skipping karma-requirejs@~0.1.0 /Users/kdsingharneja/code/angular-resource-example
54 verbose already installed skipping karma-coffee-preprocessor@~0.1.0 /Users/kdsingharneja/code/angular-resource-example
55 verbose already installed skipping karma-coverage@0.1.0 /Users/kdsingharneja/code/angular-resource-example
56 verbose already installed skipping karma-osx-reporter@* /Users/kdsingharneja/code/angular-resource-example
57 verbose already installed skipping karma-phantomjs-launcher@~0.1.0 /Users/kdsingharneja/code/angular-resource-example
58 verbose already installed skipping karma@~0.10.2 /Users/kdsingharneja/code/angular-resource-example
59 verbose already installed skipping karma-ng-html2js-preprocessor@~0.1.0 /Users/kdsingharneja/code/angular-resource-example
60 verbose cache add [ 'lodash@latest', null ]
61 verbose cache add name=undefined spec="lodash@latest" args=["lodash@latest",null]
62 verbose parsed url { protocol: null,
62 verbose parsed url   slashes: null,
62 verbose parsed url   auth: null,
62 verbose parsed url   host: null,
62 verbose parsed url   port: null,
62 verbose parsed url   hostname: null,
62 verbose parsed url   hash: null,
62 verbose parsed url   search: null,
62 verbose parsed url   query: null,
62 verbose parsed url   pathname: 'lodash@latest',
62 verbose parsed url   path: 'lodash@latest',
62 verbose parsed url   href: 'lodash@latest' }
63 verbose already installed skipping faculty-api@~0.1.2 /Users/kdsingharneja/code/angular-resource-example
64 verbose cache add [ 'bcryptjs@latest', null ]
65 verbose cache add name=undefined spec="bcryptjs@latest" args=["bcryptjs@latest",null]
66 verbose parsed url { protocol: null,
66 verbose parsed url   slashes: null,
66 verbose parsed url   auth: null,
66 verbose parsed url   host: null,
66 verbose parsed url   port: null,
66 verbose parsed url   hostname: null,
66 verbose parsed url   hash: null,
66 verbose parsed url   search: null,
66 verbose parsed url   query: null,
66 verbose parsed url   pathname: 'bcryptjs@latest',
66 verbose parsed url   path: 'bcryptjs@latest',
66 verbose parsed url   href: 'bcryptjs@latest' }
67 verbose already installed skipping load-grunt-tasks@~0.2.0 /Users/kdsingharneja/code/angular-resource-example
68 verbose already installed skipping express@~3.4.6 /Users/kdsingharneja/code/angular-resource-example
69 verbose cache add name="lodash" spec="latest" args=["lodash","latest"]
70 verbose parsed url { protocol: null,
70 verbose parsed url   slashes: null,
70 verbose parsed url   auth: null,
70 verbose parsed url   host: null,
70 verbose parsed url   port: null,
70 verbose parsed url   hostname: null,
70 verbose parsed url   hash: null,
70 verbose parsed url   search: null,
70 verbose parsed url   query: null,
70 verbose parsed url   pathname: 'latest',
70 verbose parsed url   path: 'latest',
70 verbose parsed url   href: 'latest' }
71 verbose addNamed [ 'lodash', 'latest' ]
72 verbose addNamed [ null, null ]
73 silly lockFile e74123f1-lodash-latest lodash@latest
74 verbose lock lodash@latest /Users/kdsingharneja/.npm/e74123f1-lodash-latest.lock
75 verbose cache add name="bcryptjs" spec="latest" args=["bcryptjs","latest"]
76 verbose parsed url { protocol: null,
76 verbose parsed url   slashes: null,
76 verbose parsed url   auth: null,
76 verbose parsed url   host: null,
76 verbose parsed url   port: null,
76 verbose parsed url   hostname: null,
76 verbose parsed url   hash: null,
76 verbose parsed url   search: null,
76 verbose parsed url   query: null,
76 verbose parsed url   pathname: 'latest',
76 verbose parsed url   path: 'latest',
76 verbose parsed url   href: 'latest' }
77 verbose addNamed [ 'bcryptjs', 'latest' ]
78 verbose addNamed [ null, null ]
79 silly lockFile ef898094-bcryptjs-latest bcryptjs@latest
80 verbose lock bcryptjs@latest /Users/kdsingharneja/.npm/ef898094-bcryptjs-latest.lock
81 verbose request where is /jasmine-node
82 verbose request registry https://registry.npmjs.org/
83 verbose url raw /jasmine-node
84 verbose url resolving [ 'https://registry.npmjs.org/', './jasmine-node' ]
85 verbose url resolved https://registry.npmjs.org/jasmine-node
86 verbose request where is https://registry.npmjs.org/jasmine-node
87 info trying registry request attempt 1 at 22:53:59
88 verbose etag "7D3X5WQR6HDSIOLYTDVXWU125"
89 http GET https://registry.npmjs.org/jasmine-node
90 info addNameTag [ 'bcryptjs', 'latest' ]
91 info addNameTag [ 'lodash', 'latest' ]
92 verbose request where is /bcryptjs
93 verbose request registry https://registry.npmjs.org/
94 verbose url raw /bcryptjs
95 verbose url resolving [ 'https://registry.npmjs.org/', './bcryptjs' ]
96 verbose url resolved https://registry.npmjs.org/bcryptjs
97 verbose request where is https://registry.npmjs.org/bcryptjs
98 info trying registry request attempt 1 at 22:53:59
99 verbose etag "1H1Y71ECI5PV1FU93VQYI4YHG"
100 http GET https://registry.npmjs.org/bcryptjs
101 verbose request where is /lodash
102 verbose request registry https://registry.npmjs.org/
103 verbose url raw /lodash
104 verbose url resolving [ 'https://registry.npmjs.org/', './lodash' ]
105 verbose url resolved https://registry.npmjs.org/lodash
106 verbose request where is https://registry.npmjs.org/lodash
107 info trying registry request attempt 1 at 22:53:59
108 verbose etag "QADPUMNCSDJK7XABE35B3IEJ"
109 http GET https://registry.npmjs.org/lodash
110 http 304 https://registry.npmjs.org/grunt-shell
111 silly registry.get cb [ 304,
111 silly registry.get   { date: 'Fri, 27 Feb 2015 03:53:59 GMT',
111 silly registry.get     server: 'Apache',
111 silly registry.get     via: '1.1 varnish',
111 silly registry.get     'last-modified': 'Fri, 27 Feb 2015 03:53:59 GMT',
111 silly registry.get     'cache-control': 'max-age=60',
111 silly registry.get     etag: '"32F6SRJYDSUHDZ1QDRNPBLR9K"',
111 silly registry.get     age: '32',
111 silly registry.get     'x-served-by': 'cache-iad2144-IAD',
111 silly registry.get     'x-cache': 'HIT',
111 silly registry.get     'x-cache-hits': '1',
111 silly registry.get     'x-timer': 'S1425009239.629406,VS0,VE0',
111 silly registry.get     vary: 'Accept',
111 silly registry.get     'content-length': '0',
111 silly registry.get     'keep-alive': 'timeout=10, max=50',
111 silly registry.get     connection: 'Keep-Alive' } ]
112 verbose etag https://registry.npmjs.org/grunt-shell from cache
113 http 304 https://registry.npmjs.org/lodash
114 silly registry.get cb [ 304,
114 silly registry.get   { date: 'Fri, 27 Feb 2015 03:53:59 GMT',
114 silly registry.get     server: 'Apache',
114 silly registry.get     via: '1.1 varnish',
114 silly registry.get     'last-modified': 'Fri, 27 Feb 2015 03:53:28 GMT',
114 silly registry.get     'cache-control': 'max-age=60',
114 silly registry.get     etag: '"QADPUMNCSDJK7XABE35B3IEJ"',
114 silly registry.get     age: '55',
114 silly registry.get     'x-served-by': 'cache-iad2127-IAD',
114 silly registry.get     'x-cache': 'HIT',
114 silly registry.get     'x-cache-hits': '4',
114 silly registry.get     'x-timer': 'S1425009239.634815,VS0,VE0',
114 silly registry.get     vary: 'Accept',
114 silly registry.get     'content-length': '0',
114 silly registry.get     'keep-alive': 'timeout=10, max=50',
114 silly registry.get     connection: 'Keep-Alive' } ]
115 verbose etag https://registry.npmjs.org/lodash from cache
116 verbose addNamed [ 'lodash', '3.3.1' ]
117 verbose addNamed [ '3.3.1', '3.3.1' ]
118 silly lockFile df186d14-lodash-3-3-1 lodash@3.3.1
119 verbose lock lodash@3.3.1 /Users/kdsingharneja/.npm/df186d14-lodash-3-3-1.lock
120 verbose addNamed [ 'grunt-shell', '1.1.2' ]
121 verbose addNamed [ '1.1.2', '1.1.2' ]
122 silly lockFile 33ce2e0a-grunt-shell-1-1-2 grunt-shell@1.1.2
123 verbose lock grunt-shell@1.1.2 /Users/kdsingharneja/.npm/33ce2e0a-grunt-shell-1-1-2.lock
124 silly lockFile 33ce2e0a-grunt-shell-1-1-2 grunt-shell@1.1.2
125 silly lockFile 33ce2e0a-grunt-shell-1-1-2 grunt-shell@1.1.2
126 silly lockFile df186d14-lodash-3-3-1 lodash@3.3.1
127 silly lockFile df186d14-lodash-3-3-1 lodash@3.3.1
128 silly lockFile 8ed5d71a-grunt-shell-latest grunt-shell@latest
129 silly lockFile 8ed5d71a-grunt-shell-latest grunt-shell@latest
130 silly lockFile e74123f1-lodash-latest lodash@latest
131 silly lockFile e74123f1-lodash-latest lodash@latest
132 info already installed grunt-shell@1.1.2
133 info already installed lodash@3.3.1
134 http 304 https://registry.npmjs.org/jasmine-node
135 silly registry.get cb [ 304,
135 silly registry.get   { date: 'Fri, 27 Feb 2015 03:53:59 GMT',
135 silly registry.get     server: 'Apache',
135 silly registry.get     via: '1.1 varnish',
135 silly registry.get     'last-modified': 'Fri, 27 Feb 2015 03:53:59 GMT',
135 silly registry.get     'cache-control': 'max-age=60',
135 silly registry.get     etag: '"7D3X5WQR6HDSIOLYTDVXWU125"',
135 silly registry.get     age: '0',
135 silly registry.get     'x-served-by': 'cache-iad2125-IAD',
135 silly registry.get     'x-cache': 'HIT',
135 silly registry.get     'x-cache-hits': '1',
135 silly registry.get     'x-timer': 'S1425009239.642825,VS0,VE8',
135 silly registry.get     vary: 'Accept',
135 silly registry.get     'content-length': '0',
135 silly registry.get     'keep-alive': 'timeout=10, max=50',
135 silly registry.get     connection: 'Keep-Alive' } ]
136 verbose etag https://registry.npmjs.org/jasmine-node from cache
137 verbose addNamed [ 'jasmine-node', '1.14.5' ]
138 verbose addNamed [ '1.14.5', '1.14.5' ]
139 silly lockFile 3c9ba918-jasmine-node-1-14-5 jasmine-node@1.14.5
140 verbose lock jasmine-node@1.14.5 /Users/kdsingharneja/.npm/3c9ba918-jasmine-node-1-14-5.lock
141 silly lockFile 3c9ba918-jasmine-node-1-14-5 jasmine-node@1.14.5
142 silly lockFile 3c9ba918-jasmine-node-1-14-5 jasmine-node@1.14.5
143 silly lockFile 60e24296-jasmine-node-latest jasmine-node@latest
144 silly lockFile 60e24296-jasmine-node-latest jasmine-node@latest
145 info already installed jasmine-node@1.14.5
146 http 304 https://registry.npmjs.org/bcryptjs
147 silly registry.get cb [ 304,
147 silly registry.get   { date: 'Fri, 27 Feb 2015 03:53:59 GMT',
147 silly registry.get     server: 'Apache',
147 silly registry.get     via: '1.1 varnish',
147 silly registry.get     'last-modified': 'Fri, 27 Feb 2015 03:53:59 GMT',
147 silly registry.get     'cache-control': 'max-age=60',
147 silly registry.get     etag: '"1H1Y71ECI5PV1FU93VQYI4YHG"',
147 silly registry.get     age: '0',
147 silly registry.get     'x-served-by': 'cache-iad2128-IAD',
147 silly registry.get     'x-cache': 'HIT',
147 silly registry.get     'x-cache-hits': '1',
147 silly registry.get     'x-timer': 'S1425009239.650001,VS0,VE7',
147 silly registry.get     vary: 'Accept',
147 silly registry.get     'content-length': '0',
147 silly registry.get     'keep-alive': 'timeout=10, max=50',
147 silly registry.get     connection: 'Keep-Alive' } ]
148 verbose etag https://registry.npmjs.org/bcryptjs from cache
149 verbose addNamed [ 'bcryptjs', '2.1.0' ]
150 verbose addNamed [ '2.1.0', '2.1.0' ]
151 silly lockFile 041e8dd2-bcryptjs-2-1-0 bcryptjs@2.1.0
152 verbose lock bcryptjs@2.1.0 /Users/kdsingharneja/.npm/041e8dd2-bcryptjs-2-1-0.lock
153 silly lockFile 041e8dd2-bcryptjs-2-1-0 bcryptjs@2.1.0
154 silly lockFile 041e8dd2-bcryptjs-2-1-0 bcryptjs@2.1.0
155 silly lockFile ef898094-bcryptjs-latest bcryptjs@latest
156 silly lockFile ef898094-bcryptjs-latest bcryptjs@latest
157 info already installed bcryptjs@2.1.0
158 silly resolved []
159 info build /Users/kdsingharneja/code/angular-resource-example
160 verbose linkStuff [ false, false, false, '/Users/kdsingharneja/code' ]
161 info linkStuff angular-resource-example@
162 verbose linkBins angular-resource-example@
163 verbose linkMans angular-resource-example@
164 verbose rebuildBundles angular-resource-example@
165 verbose rebuildBundles [ '.bin',
165 verbose rebuildBundles   'bcryptjs',
165 verbose rebuildBundles   'express',
165 verbose rebuildBundles   'faculty-api',
165 verbose rebuildBundles   'grunt',
165 verbose rebuildBundles   'grunt-contrib-watch',
165 verbose rebuildBundles   'grunt-karma',
165 verbose rebuildBundles   'grunt-shell',
165 verbose rebuildBundles   'jasmine-node',
165 verbose rebuildBundles   'karma',
165 verbose rebuildBundles   'karma-chrome-launcher',
165 verbose rebuildBundles   'karma-coffee-preprocessor',
165 verbose rebuildBundles   'karma-coverage',
165 verbose rebuildBundles   'karma-firefox-launcher',
165 verbose rebuildBundles   'karma-html2js-preprocessor',
165 verbose rebuildBundles   'karma-jasmine',
165 verbose rebuildBundles   'karma-ng-html2js-preprocessor',
165 verbose rebuildBundles   'karma-osx-reporter',
165 verbose rebuildBundles   'karma-phantomjs-launcher',
165 verbose rebuildBundles   'karma-requirejs',
165 verbose rebuildBundles   'karma-script-launcher',
165 verbose rebuildBundles   'load-grunt-tasks',
165 verbose rebuildBundles   'lodash',
165 verbose rebuildBundles   'mongoose' ]
166 info install angular-resource-example@
167 info postinstall angular-resource-example@
168 info prepublish angular-resource-example@
169 error peerinvalid The package karma-requirejs does not satisfy its siblings' peerDependencies requirements!
169 error peerinvalid Peer karma@0.10.10 wants karma-requirejs@~0.2.0
170 error System Darwin 13.4.0
171 error command "node" "/usr/local/bin/npm" "install"
172 error cwd /Users/kdsingharneja/code/angular-resource-example
173 error node -v v0.10.33
174 error npm -v 1.4.28
175 error code EPEERINVALID
176 verbose exit [ 1, true ]
